<?xml version="1.0" encoding="UTF-8"?>
<coverage generated="1620651060896" clover="3.2.0">
  <project timestamp="1620651060896" name="All files">
    <metrics statements="45" coveredstatements="45" conditionals="4" coveredconditionals="4" methods="14" coveredmethods="14" elements="63" coveredelements="63" complexity="0" loc="45" ncloc="45" packages="1" files="1" classes="1"/>
    <file name="parser.js" path="C:\Users\soliv\OneDrive\Escritorio\THN\parser.js">
      <metrics statements="45" coveredstatements="45" conditionals="4" coveredconditionals="4" methods="14" coveredmethods="14"/>
      <line num="4" count="27" type="stmt"/>
      <line num="21" count="27" type="stmt"/>
      <line num="22" count="27" type="stmt"/>
      <line num="26" count="27" type="stmt"/>
      <line num="27" count="27" type="stmt"/>
      <line num="31" count="27" type="stmt"/>
      <line num="32" count="27" type="stmt"/>
      <line num="34" count="27" type="stmt"/>
      <line num="35" count="243" type="stmt"/>
      <line num="36" count="243" type="cond" truecount="4" falsecount="0"/>
      <line num="37" count="27" type="stmt"/>
      <line num="40" count="27" type="stmt"/>
      <line num="50" count="27" type="stmt"/>
      <line num="51" count="27" type="stmt"/>
      <line num="53" count="27" type="stmt"/>
      <line num="57" count="27" type="stmt"/>
      <line num="58" count="27" type="stmt"/>
      <line num="61" count="27" type="stmt"/>
      <line num="65" count="27" type="stmt"/>
      <line num="66" count="27" type="stmt"/>
      <line num="70" count="54" type="stmt"/>
      <line num="71" count="54" type="stmt"/>
      <line num="73" count="54" type="stmt"/>
      <line num="80" count="27" type="stmt"/>
      <line num="81" count="27" type="stmt"/>
      <line num="85" count="27" type="stmt"/>
      <line num="86" count="27" type="stmt"/>
      <line num="91" count="27" type="stmt"/>
      <line num="92" count="27" type="stmt"/>
      <line num="93" count="27" type="stmt"/>
      <line num="95" count="27" type="stmt"/>
      <line num="98" count="27" type="stmt"/>
      <line num="107" count="27" type="stmt"/>
      <line num="108" count="27" type="stmt"/>
      <line num="110" count="27" type="stmt"/>
      <line num="111" count="243" type="stmt"/>
      <line num="112" count="243" type="stmt"/>
      <line num="114" count="243" type="stmt"/>
      <line num="115" count="243" type="stmt"/>
      <line num="116" count="243" type="stmt"/>
      <line num="117" count="243" type="stmt"/>
      <line num="118" count="243" type="stmt"/>
      <line num="120" count="243" type="stmt"/>
      <line num="122" count="27" type="stmt"/>
      <line num="126" count="1" type="stmt"/>
    </file>
  </project>
</coverage>
