<?xml version="1.0" encoding="UTF-8"?>
<coverage generated="1620655004179" clover="3.2.0">
  <project timestamp="1620655004180" name="All files">
    <metrics statements="46" coveredstatements="45" conditionals="4" coveredconditionals="4" methods="15" coveredmethods="14" elements="65" coveredelements="63" complexity="0" loc="46" ncloc="46" packages="1" files="1" classes="1"/>
    <file name="parser.js" path="C:\Users\soliv\OneDrive\Escritorio\THN\parser.js">
      <metrics statements="46" coveredstatements="45" conditionals="4" coveredconditionals="4" methods="15" coveredmethods="14"/>
      <line num="1" count="1" type="stmt"/>
      <line num="2" count="0" type="stmt"/>
      <line num="6" count="27" type="stmt"/>
      <line num="22" count="27" type="stmt"/>
      <line num="23" count="27" type="stmt"/>
      <line num="27" count="27" type="stmt"/>
      <line num="28" count="27" type="stmt"/>
      <line num="32" count="27" type="stmt"/>
      <line num="33" count="27" type="stmt"/>
      <line num="35" count="27" type="stmt"/>
      <line num="36" count="243" type="stmt"/>
      <line num="37" count="243" type="cond" truecount="4" falsecount="0"/>
      <line num="38" count="27" type="stmt"/>
      <line num="41" count="27" type="stmt"/>
      <line num="45" count="27" type="stmt"/>
      <line num="46" count="27" type="stmt"/>
      <line num="48" count="27" type="stmt"/>
      <line num="52" count="27" type="stmt"/>
      <line num="53" count="27" type="stmt"/>
      <line num="56" count="27" type="stmt"/>
      <line num="60" count="27" type="stmt"/>
      <line num="61" count="27" type="stmt"/>
      <line num="65" count="54" type="stmt"/>
      <line num="66" count="54" type="stmt"/>
      <line num="68" count="54" type="stmt"/>
      <line num="75" count="27" type="stmt"/>
      <line num="76" count="27" type="stmt"/>
      <line num="80" count="27" type="stmt"/>
      <line num="81" count="27" type="stmt"/>
      <line num="86" count="27" type="stmt"/>
      <line num="87" count="27" type="stmt"/>
      <line num="88" count="27" type="stmt"/>
      <line num="90" count="27" type="stmt"/>
      <line num="98" count="27" type="stmt"/>
      <line num="99" count="27" type="stmt"/>
      <line num="101" count="27" type="stmt"/>
      <line num="102" count="243" type="stmt"/>
      <line num="103" count="243" type="stmt"/>
      <line num="105" count="243" type="stmt"/>
      <line num="106" count="243" type="stmt"/>
      <line num="107" count="243" type="stmt"/>
      <line num="108" count="243" type="stmt"/>
      <line num="109" count="243" type="stmt"/>
      <line num="111" count="243" type="stmt"/>
      <line num="113" count="27" type="stmt"/>
      <line num="117" count="1" type="stmt"/>
    </file>
  </project>
</coverage>
