{"C:\\Users\\soliv\\OneDrive\\Escritorio\\THN\\parser.js": {"path":"C:\\Users\\soliv\\OneDrive\\Escritorio\\THN\\parser.js","statementMap":{"0":{"start":{"line":4,"column":4},"end":{"line":17,"column":6}},"1":{"start":{"line":21,"column":21},"end":{"line":21,"column":86}},"2":{"start":{"line":22,"column":4},"end":{"line":22,"column":47}},"3":{"start":{"line":26,"column":22},"end":{"line":26,"column":89}},"4":{"start":{"line":27,"column":4},"end":{"line":27,"column":48}},"5":{"start":{"line":31,"column":18},"end":{"line":31,"column":77}},"6":{"start":{"line":32,"column":22},"end":{"line":32,"column":23}},"7":{"start":{"line":34,"column":4},"end":{"line":39,"column":6}},"8":{"start":{"line":35,"column":20},"end":{"line":35,"column":90}},"9":{"start":{"line":36,"column":8},"end":{"line":38,"column":9}},"10":{"start":{"line":37,"column":12},"end":{"line":37,"column":32}},"11":{"start":{"line":40,"column":4},"end":{"line":40,"column":47}},"12":{"start":{"line":50,"column":25},"end":{"line":50,"column":69}},"13":{"start":{"line":51,"column":16},"end":{"line":51,"column":84}},"14":{"start":{"line":53,"column":4},"end":{"line":53,"column":41}},"15":{"start":{"line":57,"column":19},"end":{"line":57,"column":118}},"16":{"start":{"line":58,"column":23},"end":{"line":60,"column":5}},"17":{"start":{"line":61,"column":4},"end":{"line":61,"column":24}},"18":{"start":{"line":65,"column":18},"end":{"line":65,"column":84}},"19":{"start":{"line":66,"column":4},"end":{"line":66,"column":46}},"20":{"start":{"line":70,"column":20},"end":{"line":70,"column":84}},"21":{"start":{"line":71,"column":22},"end":{"line":71,"column":113}},"22":{"start":{"line":73,"column":4},"end":{"line":76,"column":5}},"23":{"start":{"line":80,"column":17},"end":{"line":80,"column":36}},"24":{"start":{"line":81,"column":4},"end":{"line":81,"column":42}},"25":{"start":{"line":85,"column":15},"end":{"line":85,"column":62}},"26":{"start":{"line":86,"column":4},"end":{"line":86,"column":30}},"27":{"start":{"line":91,"column":20},"end":{"line":91,"column":103}},"28":{"start":{"line":92,"column":21},"end":{"line":92,"column":101}},"29":{"start":{"line":93,"column":18},"end":{"line":93,"column":95}},"30":{"start":{"line":95,"column":25},"end":{"line":95,"column":66}},"31":{"start":{"line":98,"column":4},"end":{"line":103,"column":5}},"32":{"start":{"line":107,"column":18},"end":{"line":107,"column":77}},"33":{"start":{"line":108,"column":21},"end":{"line":108,"column":23}},"34":{"start":{"line":110,"column":4},"end":{"line":121,"column":6}},"35":{"start":{"line":111,"column":23},"end":{"line":111,"column":25}},"36":{"start":{"line":111,"column":41},"end":{"line":111,"column":43}},"37":{"start":{"line":112,"column":20},"end":{"line":112,"column":92}},"38":{"start":{"line":114,"column":8},"end":{"line":114,"column":55}},"39":{"start":{"line":115,"column":8},"end":{"line":115,"column":111}},"40":{"start":{"line":116,"column":8},"end":{"line":116,"column":111}},"41":{"start":{"line":117,"column":8},"end":{"line":117,"column":103}},"42":{"start":{"line":118,"column":8},"end":{"line":118,"column":42}},"43":{"start":{"line":120,"column":8},"end":{"line":120,"column":34}},"44":{"start":{"line":122,"column":4},"end":{"line":122,"column":22}},"45":{"start":{"line":126,"column":0},"end":{"line":126,"column":30}}},"fnMap":{"0":{"name":"getSearchData","decl":{"start":{"line":3,"column":9},"end":{"line":3,"column":22}},"loc":{"start":{"line":3,"column":25},"end":{"line":18,"column":1}},"line":3},"1":{"name":"getCheckInDate","decl":{"start":{"line":20,"column":9},"end":{"line":20,"column":23}},"loc":{"start":{"line":20,"column":26},"end":{"line":23,"column":1}},"line":20},"2":{"name":"getCheckOutDate","decl":{"start":{"line":25,"column":9},"end":{"line":25,"column":24}},"loc":{"start":{"line":25,"column":27},"end":{"line":28,"column":1}},"line":25},"3":{"name":"getMinimumPrice","decl":{"start":{"line":30,"column":9},"end":{"line":30,"column":24}},"loc":{"start":{"line":30,"column":27},"end":{"line":47,"column":1}},"line":30},"4":{"name":"(anonymous_4)","decl":{"start":{"line":34,"column":33},"end":{"line":34,"column":34}},"loc":{"start":{"line":34,"column":57},"end":{"line":39,"column":5}},"line":34},"5":{"name":"getMemberPrice","decl":{"start":{"line":49,"column":9},"end":{"line":49,"column":23}},"loc":{"start":{"line":49,"column":26},"end":{"line":54,"column":1}},"line":49},"6":{"name":"getCurrency","decl":{"start":{"line":56,"column":9},"end":{"line":56,"column":20}},"loc":{"start":{"line":56,"column":23},"end":{"line":62,"column":1}},"line":56},"7":{"name":"getNumberOfRooms","decl":{"start":{"line":64,"column":9},"end":{"line":64,"column":25}},"loc":{"start":{"line":64,"column":28},"end":{"line":67,"column":1}},"line":64},"8":{"name":"getNumberOfGuests","decl":{"start":{"line":69,"column":9},"end":{"line":69,"column":26}},"loc":{"start":{"line":69,"column":29},"end":{"line":77,"column":1}},"line":69},"9":{"name":"getTotalAmountOfGuests","decl":{"start":{"line":79,"column":9},"end":{"line":79,"column":31}},"loc":{"start":{"line":79,"column":34},"end":{"line":82,"column":1}},"line":79},"10":{"name":"getLanguageCode","decl":{"start":{"line":84,"column":9},"end":{"line":84,"column":24}},"loc":{"start":{"line":84,"column":27},"end":{"line":87,"column":1}},"line":84},"11":{"name":"getRoomDetails","decl":{"start":{"line":89,"column":9},"end":{"line":89,"column":23}},"loc":{"start":{"line":89,"column":26},"end":{"line":104,"column":1}},"line":89},"12":{"name":"getAllRoomsRates","decl":{"start":{"line":106,"column":9},"end":{"line":106,"column":25}},"loc":{"start":{"line":106,"column":28},"end":{"line":123,"column":1}},"line":106},"13":{"name":"(anonymous_13)","decl":{"start":{"line":110,"column":33},"end":{"line":110,"column":34}},"loc":{"start":{"line":110,"column":57},"end":{"line":121,"column":5}},"line":110}},"branchMap":{"0":{"loc":{"start":{"line":36,"column":8},"end":{"line":38,"column":9}},"type":"if","locations":[{"start":{"line":36,"column":8},"end":{"line":38,"column":9}},{"start":{"line":36,"column":8},"end":{"line":38,"column":9}}],"line":36},"1":{"loc":{"start":{"line":36,"column":11},"end":{"line":36,"column":69}},"type":"binary-expr","locations":[{"start":{"line":36,"column":11},"end":{"line":36,"column":22}},{"start":{"line":36,"column":26},"end":{"line":36,"column":69}}],"line":36}},"s":{"0":27,"1":27,"2":27,"3":27,"4":27,"5":27,"6":27,"7":27,"8":243,"9":243,"10":27,"11":27,"12":27,"13":27,"14":27,"15":27,"16":27,"17":27,"18":27,"19":27,"20":54,"21":54,"22":54,"23":27,"24":27,"25":27,"26":27,"27":27,"28":27,"29":27,"30":27,"31":27,"32":27,"33":27,"34":27,"35":243,"36":243,"37":243,"38":243,"39":243,"40":243,"41":243,"42":243,"43":243,"44":27,"45":1},"f":{"0":27,"1":27,"2":27,"3":27,"4":243,"5":27,"6":27,"7":27,"8":54,"9":27,"10":27,"11":27,"12":27,"13":243},"b":{"0":[27,216],"1":[243,216]},"_coverageSchema":"1a1c01bbd47fc00a2c39e90264f33305004495a9","hash":"834358be2f477b7a446b41516e2ebbe4ffd360cf"}
}
