{"C:\\Users\\soliv\\OneDrive\\Escritorio\\THN\\parser.js": {"path":"C:\\Users\\soliv\\OneDrive\\Escritorio\\THN\\parser.js","statementMap":{"0":{"start":{"line":1,"column":0},"end":{"line":3,"column":2}},"1":{"start":{"line":2,"column":4},"end":{"line":2,"column":19}},"2":{"start":{"line":6,"column":4},"end":{"line":18,"column":6}},"3":{"start":{"line":22,"column":21},"end":{"line":22,"column":86}},"4":{"start":{"line":23,"column":4},"end":{"line":23,"column":47}},"5":{"start":{"line":27,"column":22},"end":{"line":27,"column":89}},"6":{"start":{"line":28,"column":4},"end":{"line":28,"column":48}},"7":{"start":{"line":32,"column":18},"end":{"line":32,"column":77}},"8":{"start":{"line":33,"column":22},"end":{"line":33,"column":23}},"9":{"start":{"line":35,"column":4},"end":{"line":40,"column":6}},"10":{"start":{"line":36,"column":20},"end":{"line":36,"column":90}},"11":{"start":{"line":37,"column":8},"end":{"line":39,"column":9}},"12":{"start":{"line":38,"column":12},"end":{"line":38,"column":32}},"13":{"start":{"line":41,"column":4},"end":{"line":41,"column":47}},"14":{"start":{"line":45,"column":25},"end":{"line":45,"column":69}},"15":{"start":{"line":46,"column":16},"end":{"line":46,"column":84}},"16":{"start":{"line":48,"column":4},"end":{"line":48,"column":41}},"17":{"start":{"line":52,"column":19},"end":{"line":52,"column":118}},"18":{"start":{"line":53,"column":23},"end":{"line":55,"column":5}},"19":{"start":{"line":56,"column":4},"end":{"line":56,"column":24}},"20":{"start":{"line":60,"column":18},"end":{"line":60,"column":84}},"21":{"start":{"line":61,"column":4},"end":{"line":61,"column":46}},"22":{"start":{"line":65,"column":20},"end":{"line":65,"column":84}},"23":{"start":{"line":66,"column":22},"end":{"line":66,"column":113}},"24":{"start":{"line":68,"column":4},"end":{"line":71,"column":5}},"25":{"start":{"line":75,"column":17},"end":{"line":75,"column":36}},"26":{"start":{"line":76,"column":4},"end":{"line":76,"column":42}},"27":{"start":{"line":80,"column":15},"end":{"line":80,"column":62}},"28":{"start":{"line":81,"column":4},"end":{"line":81,"column":30}},"29":{"start":{"line":86,"column":20},"end":{"line":86,"column":103}},"30":{"start":{"line":87,"column":21},"end":{"line":87,"column":101}},"31":{"start":{"line":88,"column":18},"end":{"line":88,"column":95}},"32":{"start":{"line":90,"column":4},"end":{"line":94,"column":5}},"33":{"start":{"line":98,"column":18},"end":{"line":98,"column":77}},"34":{"start":{"line":99,"column":21},"end":{"line":99,"column":23}},"35":{"start":{"line":101,"column":4},"end":{"line":112,"column":6}},"36":{"start":{"line":102,"column":23},"end":{"line":102,"column":25}},"37":{"start":{"line":102,"column":41},"end":{"line":102,"column":43}},"38":{"start":{"line":103,"column":20},"end":{"line":103,"column":92}},"39":{"start":{"line":105,"column":8},"end":{"line":105,"column":55}},"40":{"start":{"line":106,"column":8},"end":{"line":106,"column":111}},"41":{"start":{"line":107,"column":8},"end":{"line":107,"column":111}},"42":{"start":{"line":108,"column":8},"end":{"line":108,"column":103}},"43":{"start":{"line":109,"column":8},"end":{"line":109,"column":42}},"44":{"start":{"line":111,"column":8},"end":{"line":111,"column":34}},"45":{"start":{"line":113,"column":4},"end":{"line":113,"column":22}},"46":{"start":{"line":117,"column":0},"end":{"line":117,"column":30}}},"fnMap":{"0":{"name":"(anonymous_0)","decl":{"start":{"line":1,"column":46},"end":{"line":1,"column":47}},"loc":{"start":{"line":1,"column":52},"end":{"line":3,"column":1}},"line":1},"1":{"name":"getSearchData","decl":{"start":{"line":5,"column":9},"end":{"line":5,"column":22}},"loc":{"start":{"line":5,"column":25},"end":{"line":19,"column":1}},"line":5},"2":{"name":"getCheckInDate","decl":{"start":{"line":21,"column":9},"end":{"line":21,"column":23}},"loc":{"start":{"line":21,"column":26},"end":{"line":24,"column":1}},"line":21},"3":{"name":"getCheckOutDate","decl":{"start":{"line":26,"column":9},"end":{"line":26,"column":24}},"loc":{"start":{"line":26,"column":27},"end":{"line":29,"column":1}},"line":26},"4":{"name":"getMinimumPrice","decl":{"start":{"line":31,"column":9},"end":{"line":31,"column":24}},"loc":{"start":{"line":31,"column":27},"end":{"line":42,"column":1}},"line":31},"5":{"name":"(anonymous_5)","decl":{"start":{"line":35,"column":33},"end":{"line":35,"column":34}},"loc":{"start":{"line":35,"column":57},"end":{"line":40,"column":5}},"line":35},"6":{"name":"getMemberPrice","decl":{"start":{"line":44,"column":9},"end":{"line":44,"column":23}},"loc":{"start":{"line":44,"column":26},"end":{"line":49,"column":1}},"line":44},"7":{"name":"getCurrency","decl":{"start":{"line":51,"column":9},"end":{"line":51,"column":20}},"loc":{"start":{"line":51,"column":23},"end":{"line":57,"column":1}},"line":51},"8":{"name":"getNumberOfRooms","decl":{"start":{"line":59,"column":9},"end":{"line":59,"column":25}},"loc":{"start":{"line":59,"column":28},"end":{"line":62,"column":1}},"line":59},"9":{"name":"getNumberOfGuests","decl":{"start":{"line":64,"column":9},"end":{"line":64,"column":26}},"loc":{"start":{"line":64,"column":29},"end":{"line":72,"column":1}},"line":64},"10":{"name":"getTotalAmountOfGuests","decl":{"start":{"line":74,"column":9},"end":{"line":74,"column":31}},"loc":{"start":{"line":74,"column":34},"end":{"line":77,"column":1}},"line":74},"11":{"name":"getLanguageCode","decl":{"start":{"line":79,"column":9},"end":{"line":79,"column":24}},"loc":{"start":{"line":79,"column":27},"end":{"line":82,"column":1}},"line":79},"12":{"name":"getRoomDetails","decl":{"start":{"line":84,"column":9},"end":{"line":84,"column":23}},"loc":{"start":{"line":84,"column":26},"end":{"line":95,"column":1}},"line":84},"13":{"name":"getAllRoomsRates","decl":{"start":{"line":97,"column":9},"end":{"line":97,"column":25}},"loc":{"start":{"line":97,"column":28},"end":{"line":114,"column":1}},"line":97},"14":{"name":"(anonymous_14)","decl":{"start":{"line":101,"column":33},"end":{"line":101,"column":34}},"loc":{"start":{"line":101,"column":57},"end":{"line":112,"column":5}},"line":101}},"branchMap":{"0":{"loc":{"start":{"line":37,"column":8},"end":{"line":39,"column":9}},"type":"if","locations":[{"start":{"line":37,"column":8},"end":{"line":39,"column":9}},{"start":{"line":37,"column":8},"end":{"line":39,"column":9}}],"line":37},"1":{"loc":{"start":{"line":37,"column":11},"end":{"line":37,"column":69}},"type":"binary-expr","locations":[{"start":{"line":37,"column":11},"end":{"line":37,"column":22}},{"start":{"line":37,"column":26},"end":{"line":37,"column":69}}],"line":37}},"s":{"0":1,"1":0,"2":27,"3":27,"4":27,"5":27,"6":27,"7":27,"8":27,"9":27,"10":243,"11":243,"12":27,"13":27,"14":27,"15":27,"16":27,"17":27,"18":27,"19":27,"20":27,"21":27,"22":54,"23":54,"24":54,"25":27,"26":27,"27":27,"28":27,"29":27,"30":27,"31":27,"32":27,"33":27,"34":27,"35":27,"36":243,"37":243,"38":243,"39":243,"40":243,"41":243,"42":243,"43":243,"44":243,"45":27,"46":1},"f":{"0":0,"1":27,"2":27,"3":27,"4":27,"5":243,"6":27,"7":27,"8":27,"9":54,"10":27,"11":27,"12":27,"13":27,"14":243},"b":{"0":[27,216],"1":[243,216]},"_coverageSchema":"1a1c01bbd47fc00a2c39e90264f33305004495a9","hash":"ee64e1f0d124594537b3de81f614154aebc15d18"}
}
