TN:
SF:parser.js
FN:3,getSearchData
FN:20,getCheckInDate
FN:25,getCheckOutDate
FN:30,getMinimumPrice
FN:34,(anonymous_4)
FN:49,getMemberPrice
FN:56,getCurrency
FN:64,getNumberOfRooms
FN:69,getNumberOfGuests
FN:79,getTotalAmountOfGuests
FN:84,getLanguageCode
FN:89,getRoomDetails
FN:106,getAllRoomsRates
FN:110,(anonymous_13)
FNF:14
FNH:14
FNDA:27,getSearchData
FNDA:27,getCheckInDate
FNDA:27,getCheckOutDate
FNDA:27,getMinimumPrice
FNDA:243,(anonymous_4)
FNDA:27,getMemberPrice
FNDA:27,getCurrency
FNDA:27,getNumberOfRooms
FNDA:54,getNumberOfGuests
FNDA:27,getTotalAmountOfGuests
FNDA:27,getLanguageCode
FNDA:27,getRoomDetails
FNDA:27,getAllRoomsRates
FNDA:243,(anonymous_13)
DA:4,27
DA:21,27
DA:22,27
DA:26,27
DA:27,27
DA:31,27
DA:32,27
DA:34,27
DA:35,243
DA:36,243
DA:37,27
DA:40,27
DA:50,27
DA:51,27
DA:53,27
DA:57,27
DA:58,27
DA:61,27
DA:65,27
DA:66,27
DA:70,54
DA:71,54
DA:73,54
DA:80,27
DA:81,27
DA:85,27
DA:86,27
DA:91,27
DA:92,27
DA:93,27
DA:95,27
DA:98,27
DA:107,27
DA:108,27
DA:110,27
DA:111,243
DA:112,243
DA:114,243
DA:115,243
DA:116,243
DA:117,243
DA:118,243
DA:120,243
DA:122,27
DA:126,1
LF:45
LH:45
BRDA:36,0,0,27
BRDA:36,0,1,216
BRDA:36,1,0,243
BRDA:36,1,1,216
BRF:4
BRH:4
end_of_record
