TN:
SF:parser.js
FN:1,(anonymous_0)
FN:5,getSearchData
FN:21,getCheckInDate
FN:26,getCheckOutDate
FN:31,getMinimumPrice
FN:35,(anonymous_5)
FN:44,getMemberPrice
FN:51,getCurrency
FN:59,getNumberOfRooms
FN:64,getNumberOfGuests
FN:74,getTotalAmountOfGuests
FN:79,getLanguageCode
FN:84,getRoomDetails
FN:97,getAllRoomsRates
FN:101,(anonymous_14)
FNF:15
FNH:14
FNDA:0,(anonymous_0)
FNDA:27,getSearchData
FNDA:27,getCheckInDate
FNDA:27,getCheckOutDate
FNDA:27,getMinimumPrice
FNDA:243,(anonymous_5)
FNDA:27,getMemberPrice
FNDA:27,getCurrency
FNDA:27,getNumberOfRooms
FNDA:54,getNumberOfGuests
FNDA:27,getTotalAmountOfGuests
FNDA:27,getLanguageCode
FNDA:27,getRoomDetails
FNDA:27,getAllRoomsRates
FNDA:243,(anonymous_14)
DA:1,1
DA:2,0
DA:6,27
DA:22,27
DA:23,27
DA:27,27
DA:28,27
DA:32,27
DA:33,27
DA:35,27
DA:36,243
DA:37,243
DA:38,27
DA:41,27
DA:45,27
DA:46,27
DA:48,27
DA:52,27
DA:53,27
DA:56,27
DA:60,27
DA:61,27
DA:65,54
DA:66,54
DA:68,54
DA:75,27
DA:76,27
DA:80,27
DA:81,27
DA:86,27
DA:87,27
DA:88,27
DA:90,27
DA:98,27
DA:99,27
DA:101,27
DA:102,243
DA:103,243
DA:105,243
DA:106,243
DA:107,243
DA:108,243
DA:109,243
DA:111,243
DA:113,27
DA:117,1
LF:46
LH:45
BRDA:37,0,0,27
BRDA:37,0,1,216
BRDA:37,1,0,243
BRDA:37,1,1,216
BRF:4
BRH:4
end_of_record
